<?xml version="1.0" encoding="UTF-8"?>
<Site BuildName="(empty)"
	BuildStamp="20240919-0447-Experimental"
	Name="(empty)"
	Generator="ctest-3.30.0-rc1"
	CompilerName=""
	CompilerVersion=""
	OSName="Windows"
	Hostname="GGY"
	OSRelease=" Personal"
	OSVersion=" (Build 22631)"
	OSPlatform="AMD64"
	Is64Bits="1"
	VendorString="AuthenticAMD"
	VendorID="Advanced Micro Devices"
	FamilyID="15"
	ModelID="1"
	ProcessorCacheSize="64"
	NumberOfLogicalCPU="16"
	NumberOfPhysicalCPU="8"
	TotalVirtualMemory="41140"
	TotalPhysicalMemory="31924"
	LogicalProcessorsPerPhysical="2"
	ProcessorClockFrequency="3593"
	>
	<Testing>
		<StartDateTime>Sep 19 22:04 [NON-UTF-8-BYTE-0xD6]й[NON-UTF-8-BYTE-0xFA][NON-UTF-8-BYTE-0xB1][NON-UTF-8-BYTE-0xEA]׼ʱ[NON-UTF-8-BYTE-0xBC][NON-UTF-8-BYTE-0xE4]</StartDateTime>
		<StartTestTime>1726754665</StartTestTime>
		<TestList/>
		<EndDateTime>Sep 19 22:04 [NON-UTF-8-BYTE-0xD6]й[NON-UTF-8-BYTE-0xFA][NON-UTF-8-BYTE-0xB1][NON-UTF-8-BYTE-0xEA]׼ʱ[NON-UTF-8-BYTE-0xBC][NON-UTF-8-BYTE-0xE4]</EndDateTime>
		<EndTestTime>1726754665</EndTestTime>
		<ElapsedMinutes>0</ElapsedMinutes>
	</Testing>
</Site>
